<?xml version="1.0" encoding="UTF-8"?>
<!-- Generated by org.testng.reporters.JUnitReportReporter -->
<testsuite skipped="0" hostname="PC393650" name="trainingTestNG.ClassTest2" tests="2" failures="0" timestamp="28 Sep 2018 09:20:08 GMT" time="0.005" errors="0">
  <testcase name="method2" time="0.003" classname="trainingTestNG.ClassTest2"/>
  <testcase name="method3" time="0.002" classname="trainingTestNG.ClassTest2"/>
</testsuite> <!-- trainingTestNG.ClassTest2 -->
