<?xml version="1.0" encoding="UTF-8"?>
<!-- Generated by org.testng.reporters.JUnitReportReporter -->
<testsuite skipped="0" hostname="PC393650" name="trainingTestNG.ClassTest1" tests="1" failures="0" timestamp="28 Sep 2018 09:20:08 GMT" time="0.011" errors="0">
  <testcase name="method1" time="0.011" classname="trainingTestNG.ClassTest1"/>
</testsuite> <!-- trainingTestNG.ClassTest1 -->
